2026-06-13 14:07:17,266 DEBUG Horse: Создание Horse, имя [Bucephalus], скорость [2.4]
2026-06-13 14:07:17,268 DEBUG Horse: Создание Horse, имя [Ace of Spades], скорость [2.5]
2026-06-13 14:07:17,268 DEBUG Horse: Создание Horse, имя [Zephyr], скорость [2.6]
2026-06-13 14:07:17,268 DEBUG Horse: Создание Horse, имя [Blaze], скорость [2.7]
2026-06-13 14:07:17,268 DEBUG Horse: Создание Horse, имя [Lobster], скорость [2.8]
2026-06-13 14:07:17,268 DEBUG Horse: Создание Horse, имя [Pegasus], скорость [2.9]
2026-06-13 14:07:17,269 DEBUG Horse: Создание Horse, имя [Cherry], скорость [3.0]
2026-06-13 14:07:17,273 DEBUG Hippodrome: Создание Hippodrome, лошадей [7]
2026-06-13 14:07:17,273 INFO  Main: Начало скачек. Количество участников: 7
2026-06-13 14:07:37,394 INFO  Main: Окончание скачек. Победитель: Lobster
2026-06-13 14:12:00,163 DEBUG Horse: Создание Horse, имя [Bucephalus], скорость [2.4]
2026-06-13 14:12:00,165 DEBUG Horse: Создание Horse, имя [Ace of Spades], скорость [2.5]
2026-06-13 14:12:00,165 DEBUG Horse: Создание Horse, имя [Zephyr], скорость [2.6]
2026-06-13 14:12:00,165 DEBUG Horse: Создание Horse, имя [Blaze], скорость [2.7]
2026-06-13 14:12:00,165 DEBUG Horse: Создание Horse, имя [Lobster], скорость [2.8]
2026-06-13 14:12:00,165 DEBUG Horse: Создание Horse, имя [Pegasus], скорость [2.9]
2026-06-13 14:12:00,165 ERROR Horse: Name is null
2026-06-13 14:54:09,188 DEBUG Horse: Создание Horse, имя [Bucephalus], скорость [2.4]
2026-06-13 14:54:09,190 DEBUG Horse: Создание Horse, имя [Ace of Spades], скорость [2.5]
2026-06-13 14:54:09,190 DEBUG Horse: Создание Horse, имя [Zephyr], скорость [2.6]
2026-06-13 14:54:09,190 DEBUG Horse: Создание Horse, имя [Blaze], скорость [2.7]
2026-06-13 14:54:09,190 DEBUG Horse: Создание Horse, имя [Lobster], скорость [2.8]
2026-06-13 14:54:09,190 DEBUG Horse: Создание Horse, имя [Pegasus], скорость [2.9]
2026-06-13 14:54:09,190 DEBUG Horse: Создание Horse, имя [Cherry], скорость [3.0]
2026-06-13 14:54:09,191 DEBUG Hippodrome: Создание Hippodrome, лошадей [7]
2026-06-13 14:54:09,191 INFO  Main: Начало скачек. Количество участников: 7
2026-06-13 14:54:29,291 INFO  Main: Окончание скачек. Победитель: Cherry
